<?xml version="1.0" encoding="UTF-8"?>
<!-- Generated by org.testng.reporters.JUnitReportReporter -->
<testsuite hostname="ELW5199" failures="0" tests="1" name="testngframework.HrmLogin" time="8.054" errors="0" timestamp="2022-10-06T17:11:04 IST" skipped="0">
  <testcase classname="testngframework.HrmLogin" name="login" time="8.054"/>
  <system-out/>
</testsuite> <!-- testngframework.HrmLogin -->
