<?xml version="1.0" encoding="UTF-8"?>
<!-- Generated by org.testng.reporters.JUnitReportReporter -->
<testsuite hostname="ELW5199" failures="0" tests="1" name="testngframework.ApplyLeave" time="14.601" errors="0" timestamp="2022-10-06T17:17:20 IST" skipped="0">
  <testcase classname="testngframework.ApplyLeave" name="apply" time="14.601"/>
  <system-out/>
</testsuite> <!-- testngframework.ApplyLeave -->
